2024-05-02 22:26:50 - INFO - Downloaded image for 'Leadership' with controlno '121406152552'
2024-05-02 22:26:51 - INFO - Downloaded image for 'How to read a newspaper' with controlno '060607103806'
2024-05-02 22:26:53 - INFO - Downloaded image for 'Peryodismo sa Pilipino' with controlno '060607104552'
2024-05-02 22:26:55 - INFO - Downloaded image for 'Ulat ng unang pambansang kumperensy sa sikolohiyang Pilipino' with controlno '060607104737'
2024-05-03 15:09:34 - INFO - Image for 'Leadership' with controlno '121406152552' already exists, skipping...
2024-05-03 15:09:34 - INFO - Image for 'How to read a newspaper' with controlno '060607103806' already exists, skipping...
2024-05-03 15:09:34 - INFO - Image for 'Peryodismo sa Pilipino' with controlno '060607104552' already exists, skipping...
2024-05-03 15:09:34 - INFO - Image for 'Ulat ng unang pambansang kumperensy sa sikolohiyang Pilipino' with controlno '060607104737' already exists, skipping...
2024-05-03 15:11:28 - INFO - Image for 'Leadership' with controlno '121406152552' already exists, skipping...
2024-05-03 15:11:28 - INFO - Image for 'How to read a newspaper' with controlno '060607103806' already exists, skipping...
2024-05-03 15:11:28 - INFO - Image for 'Peryodismo sa Pilipino' with controlno '060607104552' already exists, skipping...
2024-05-03 15:11:28 - INFO - Image for 'Ulat ng unang pambansang kumperensy sa sikolohiyang Pilipino' with controlno '060607104737' already exists, skipping...
2024-05-03 15:11:33 - INFO - Image for 'Leadership' with controlno '121406152552' already exists, skipping...
2024-05-03 15:11:33 - INFO - Image for 'How to read a newspaper' with controlno '060607103806' already exists, skipping...
2024-05-03 15:11:33 - INFO - Image for 'Peryodismo sa Pilipino' with controlno '060607104552' already exists, skipping...
2024-05-03 15:11:33 - INFO - Image for 'Ulat ng unang pambansang kumperensy sa sikolohiyang Pilipino' with controlno '060607104737' already exists, skipping...
2024-05-03 15:13:55 - INFO - Downloaded image for 'Leadership' with controlno '121406152552'
2024-05-03 15:13:55 - INFO - Waiting for 3 seconds...
2024-05-03 15:13:59 - INFO - Downloaded image for 'How to read a newspaper' with controlno '060607103806'
2024-05-03 15:13:59 - INFO - Waiting for 4 seconds...
2024-05-03 15:14:05 - INFO - Downloaded image for 'Peryodismo sa Pilipino' with controlno '060607104552'
2024-05-03 15:14:05 - INFO - Waiting for 3 seconds...
2024-05-03 15:14:11 - INFO - Downloaded image for 'Ulat ng unang pambansang kumperensy sa sikolohiyang Pilipino' with controlno '060607104737'
2024-05-03 15:14:11 - INFO - Waiting for 5 seconds...
2024-05-03 15:30:33,712 - INFO - Downloaded image for 'Leadership' with controlno '121406152552'
2024-05-03 15:30:33,712 - INFO - Waiting for 3 seconds...
2024-05-03 15:30:38,375 - INFO - Downloaded image for 'How to read a newspaper' with controlno '060607103806'
2024-05-03 15:30:38,375 - INFO - Waiting for 3 seconds...
2024-05-03 15:30:42,622 - INFO - Downloaded image for 'Peryodismo sa Pilipino' with controlno '060607104552'
2024-05-03 15:30:42,622 - INFO - Waiting for 2 seconds...
2024-05-03 15:30:46,568 - INFO - Downloaded image for 'Ulat ng unang pambansang kumperensy sa sikolohiyang Pilipino' with controlno '060607104737'
2024-05-03 15:30:46,568 - INFO - Waiting for 4 seconds...
2024-05-03 15:30:50,573 - INFO - All images have been downloaded.
2024-05-03 15:32:02,833 - INFO - Downloaded image for 'Leadership' with controlno '121406152552'
2024-05-03 15:32:02,834 - INFO - Waiting for 5 seconds...
2024-05-03 15:32:09,241 - INFO - Downloaded image for 'How to read a newspaper' with controlno '060607103806'
2024-05-03 15:32:09,241 - INFO - Waiting for 2 seconds...
2024-05-03 15:32:12,511 - INFO - Downloaded image for 'Peryodismo sa Pilipino' with controlno '060607104552'
2024-05-03 15:32:12,511 - INFO - Waiting for 3 seconds...
2024-05-03 15:32:17,070 - INFO - Downloaded image for 'Ulat ng unang pambansang kumperensy sa sikolohiyang Pilipino' with controlno '060607104737'
2024-05-03 15:32:17,070 - INFO - Waiting for 2 seconds...
2024-05-03 15:32:19,077 - INFO - All images have been downloaded.
2024-05-03 15:32:45,041 - INFO - Image for 'Leadership' with controlno '121406152552' already exists, skipping...
2024-05-03 15:32:45,041 - INFO - Image for 'How to read a newspaper' with controlno '060607103806' already exists, skipping...
2024-05-03 15:32:45,041 - INFO - Image for 'Peryodismo sa Pilipino' with controlno '060607104552' already exists, skipping...
2024-05-03 15:32:45,041 - INFO - Image for 'Ulat ng unang pambansang kumperensy sa sikolohiyang Pilipino' with controlno '060607104737' already exists, skipping...
2024-05-03 15:32:45,041 - WARNING - Not all images have been downloaded.
2024-05-03 15:32:48,477 - INFO - Image for 'Leadership' with controlno '121406152552' already exists, skipping...
2024-05-03 15:32:48,477 - INFO - Image for 'How to read a newspaper' with controlno '060607103806' already exists, skipping...
2024-05-03 15:32:48,477 - INFO - Image for 'Peryodismo sa Pilipino' with controlno '060607104552' already exists, skipping...
2024-05-03 15:32:48,477 - INFO - Image for 'Ulat ng unang pambansang kumperensy sa sikolohiyang Pilipino' with controlno '060607104737' already exists, skipping...
2024-05-03 15:32:48,477 - WARNING - Not all images have been downloaded.
2024-05-03 15:33:58,842 - INFO - Image for 'Leadership' with controlno '121406152552' already exists, skipping...
2024-05-03 15:33:58,842 - INFO - Image for 'How to read a newspaper' with controlno '060607103806' already exists, skipping...
2024-05-03 15:33:58,842 - INFO - Image for 'Peryodismo sa Pilipino' with controlno '060607104552' already exists, skipping...
2024-05-03 15:33:58,842 - INFO - Image for 'Ulat ng unang pambansang kumperensy sa sikolohiyang Pilipino' with controlno '060607104737' already exists, skipping...
2024-05-03 15:33:58,842 - WARNING - Not all images have been downloaded.
2024-05-03 15:34:07,654 - INFO - Downloaded image for 'Leadership' with controlno '121406152552'
2024-05-03 15:34:07,654 - INFO - Waiting for 3 seconds...
2024-05-03 15:34:12,158 - INFO - Downloaded image for 'How to read a newspaper' with controlno '060607103806'
2024-05-03 15:34:12,159 - INFO - Waiting for 4 seconds...
2024-05-03 15:34:17,466 - INFO - Downloaded image for 'Peryodismo sa Pilipino' with controlno '060607104552'
2024-05-03 15:34:17,466 - INFO - Waiting for 3 seconds...
2024-05-03 15:34:22,174 - INFO - Downloaded image for 'Ulat ng unang pambansang kumperensy sa sikolohiyang Pilipino' with controlno '060607104737'
2024-05-03 15:34:22,175 - INFO - Waiting for 5 seconds...
2024-05-03 15:34:27,176 - INFO - All images have been downloaded.
